<?xml version="1.0" encoding="UTF-8"?>
<!-- Generated by org.testng.reporters.JUnitReportReporter -->
<testsuite hostname="Nakul" name="com.selenium.grid.GridExampleTest1" tests="1" failures="0" timestamp="16 Sep 2019 14:28:22 GMT" time="5.807" errors="0">
  <testcase name="testGooglePageTitleInIEBrowser" time="5.807" classname="com.selenium.grid.GridExampleTest1"/>
</testsuite> <!-- com.selenium.grid.GridExampleTest1 -->
